<?xml version="1.0" encoding="UTF-8"?>
<testng-results ignored="0" total="2" passed="2" failed="0" skipped="0">
  <reporter-output>
  </reporter-output>
  <suite started-at="2022-01-21T13:21:04 IST" name="Default suite" finished-at="2022-01-21T13:23:55 IST" duration-ms="171079">
    <groups>
      <group name="cucumber">
        <method signature="AbstractTestNGCucumberTests.runScenario(io.cucumber.testng.PickleWrapper, io.cucumber.testng.FeatureWrapper)[pri:0, instance:ruuner.TestRunner@29e495ff]" name="runScenario" class="io.cucumber.testng.AbstractTestNGCucumberTests"/>
      </group> <!-- cucumber -->
    </groups>
    <test started-at="2022-01-21T13:21:04 IST" name="Default test" finished-at="2022-01-21T13:23:55 IST" duration-ms="171079">
      <class name="ruuner.TestRunner">
        <test-method is-config="true" signature="setUpClass()[pri:0, instance:ruuner.TestRunner@29e495ff]" started-at="2022-01-21T13:21:04 IST" name="setUpClass" finished-at="2022-01-21T13:21:04 IST" duration-ms="255" status="PASS">
          <reporter-output>
          </reporter-output>
        </test-method> <!-- setUpClass -->
        <test-method signature="runScenario(io.cucumber.testng.PickleWrapper, io.cucumber.testng.FeatureWrapper)[pri:0, instance:ruuner.TestRunner@29e495ff]" started-at="2022-01-21T13:21:04 IST" name="runScenario" description="Runs Cucumber Scenarios" data-provider="scenarios" finished-at="2022-01-21T13:22:40 IST" duration-ms="95180" status="PASS">
          <params>
            <param index="0">
              <value>
                <![CDATA["Test the registration Page with valid details"]]>
              </value>
            </param>
            <param index="1">
              <value>
                <![CDATA["Test the php travels application"]]>
              </value>
            </param>
          </params>
          <reporter-output>
          </reporter-output>
        </test-method> <!-- runScenario -->
        <test-method signature="runScenario(io.cucumber.testng.PickleWrapper, io.cucumber.testng.FeatureWrapper)[pri:0, instance:ruuner.TestRunner@29e495ff]" started-at="2022-01-21T13:22:40 IST" name="runScenario" description="Runs Cucumber Scenarios" data-provider="scenarios" finished-at="2022-01-21T13:23:55 IST" duration-ms="75349" status="PASS">
          <params>
            <param index="0">
              <value>
                <![CDATA["Test the login page with valid details"]]>
              </value>
            </param>
            <param index="1">
              <value>
                <![CDATA["Test the php travels application"]]>
              </value>
            </param>
          </params>
          <reporter-output>
          </reporter-output>
        </test-method> <!-- runScenario -->
        <test-method is-config="true" signature="tearDownClass()[pri:0, instance:ruuner.TestRunner@29e495ff]" started-at="2022-01-21T13:23:55 IST" name="tearDownClass" finished-at="2022-01-21T13:23:55 IST" duration-ms="42" status="PASS">
          <reporter-output>
          </reporter-output>
        </test-method> <!-- tearDownClass -->
      </class> <!-- ruuner.TestRunner -->
    </test> <!-- Default test -->
  </suite> <!-- Default suite -->
</testng-results>
